time:530.94,dataset:Aarhus,fold:0,mae:23.46,mre:8.94,medAE:22.27,medRE:6.04
time:556.20,dataset:Aarhus,fold:1,mae:26.01,mre:8.90,medAE:19.00,medRE:6.37
time:555.63,dataset:Aarhus,fold:2,mae:24.14,mre:9.55,medAE:17.40,medRE:6.52
time:541.12,dataset:Aarhus,fold:3,mae:25.50,mre:10.05,medAE:15.90,medRE:4.70
time:563.67,dataset:Aarhus,fold:4,mae:30.63,mre:11.98,medAE:26.98,medRE:8.36
time:553.55,dataset:Aarhus,fold:0,mae:27.17,mre:9.82,medAE:19.78,medRE:6.56
time:531.16,dataset:Aarhus,fold:1,mae:24.63,mre:8.68,medAE:20.18,medRE:6.62
time:550.62,dataset:Aarhus,fold:2,mae:23.59,mre:9.38,medAE:19.23,medRE:6.79
time:558.87,dataset:Aarhus,fold:3,mae:29.08,mre:13.36,medAE:19.14,medRE:6.49
time:545.28,dataset:Aarhus,fold:4,mae:22.01,mre:7.77,medAE:14.27,medRE:4.99
time:546.20,dataset:Academy_of_Forensic_Science,fold:0,mae:58.76,mre:11.10,medAE:37.67,medRE:9.34
time:563.06,dataset:Academy_of_Forensic_Science,fold:1,mae:65.87,mre:14.12,medAE:56.04,medRE:10.34
time:596.19,dataset:Academy_of_Forensic_Science,fold:2,mae:64.48,mre:13.95,medAE:59.23,medRE:10.72
time:525.30,dataset:Academy_of_Forensic_Science,fold:3,mae:64.18,mre:12.35,medAE:57.37,medRE:10.28
time:559.50,dataset:Academy_of_Forensic_Science,fold:4,mae:69.29,mre:15.26,medAE:57.05,medRE:11.74
time:562.74,dataset:Academy_of_Forensic_Science,fold:0,mae:65.87,mre:13.24,medAE:53.04,medRE:9.85
time:550.04,dataset:Academy_of_Forensic_Science,fold:1,mae:53.72,mre:12.38,medAE:46.53,medRE:9.35
time:519.22,dataset:Academy_of_Forensic_Science,fold:2,mae:61.25,mre:13.09,medAE:60.80,medRE:9.22
time:568.35,dataset:Academy_of_Forensic_Science,fold:3,mae:62.23,mre:12.60,medAE:47.00,medRE:10.48
time:540.29,dataset:Academy_of_Forensic_Science,fold:4,mae:75.25,mre:15.71,medAE:69.17,medRE:11.53
time:552.87,dataset:Adelaide,fold:0,mae:47.18,mre:14.20,medAE:40.41,medRE:11.68
time:521.02,dataset:Adelaide,fold:1,mae:45.71,mre:16.54,medAE:30.24,medRE:8.05
time:528.91,dataset:Adelaide,fold:2,mae:47.43,mre:18.18,medAE:50.91,medRE:14.36
time:511.43,dataset:Adelaide,fold:3,mae:38.69,mre:14.37,medAE:25.46,medRE:9.03
time:523.42,dataset:Adelaide,fold:4,mae:59.53,mre:18.25,medAE:57.00,medRE:15.90
time:554.27,dataset:Adelaide,fold:0,mae:55.07,mre:17.25,medAE:52.46,medRE:11.62
time:556.42,dataset:Adelaide,fold:1,mae:53.62,mre:16.35,medAE:48.18,medRE:14.06
time:524.32,dataset:Adelaide,fold:2,mae:44.36,mre:15.22,medAE:36.65,medRE:10.73
time:527.61,dataset:Adelaide,fold:3,mae:42.52,mre:14.49,medAE:40.48,medRE:11.15
time:541.06,dataset:Adelaide,fold:4,mae:39.24,mre:18.86,medAE:33.53,medRE:10.33
time:422.88,dataset:Australian_Racing_Forensic_Laboratory,fold:0,mae:36.81,mre:10.01,medAE:23.54,medRE:7.29
time:449.12,dataset:Australian_Racing_Forensic_Laboratory,fold:1,mae:22.30,mre:7.67,medAE:21.51,medRE:5.84
time:428.02,dataset:Australian_Racing_Forensic_Laboratory,fold:2,mae:22.86,mre:7.31,medAE:21.60,medRE:6.34
time:427.80,dataset:Australian_Racing_Forensic_Laboratory,fold:3,mae:25.90,mre:9.48,medAE:18.79,medRE:6.33
time:374.93,dataset:Australian_Racing_Forensic_Laboratory,fold:4,mae:17.21,mre:4.78,medAE:10.98,medRE:3.21
time:388.36,dataset:Australian_Racing_Forensic_Laboratory,fold:0,mae:27.45,mre:9.50,medAE:23.07,medRE:7.54
time:401.64,dataset:Australian_Racing_Forensic_Laboratory,fold:1,mae:26.21,mre:9.22,medAE:18.59,medRE:6.07
time:465.29,dataset:Australian_Racing_Forensic_Laboratory,fold:2,mae:29.67,mre:8.63,medAE:15.76,medRE:5.17
time:406.62,dataset:Australian_Racing_Forensic_Laboratory,fold:3,mae:22.97,mre:7.09,medAE:18.47,medRE:5.54
time:422.07,dataset:Australian_Racing_Forensic_Laboratory,fold:4,mae:19.19,mre:5.79,medAE:10.68,medRE:3.32
time:1244.67,dataset:CFSRE,fold:0,mae:29.99,mre:8.47,medAE:23.98,medRE:4.49
time:1262.95,dataset:CFSRE,fold:1,mae:33.86,mre:8.72,medAE:25.20,medRE:5.17
time:1227.55,dataset:CFSRE,fold:2,mae:31.67,mre:10.64,medAE:21.40,medRE:5.21
time:1249.48,dataset:CFSRE,fold:3,mae:30.00,mre:7.99,medAE:22.78,medRE:5.85
time:1261.56,dataset:CFSRE,fold:4,mae:28.20,mre:8.20,medAE:22.47,medRE:4.82
time:1252.35,dataset:CFSRE,fold:0,mae:25.86,mre:7.33,medAE:20.28,medRE:4.26
time:1253.81,dataset:CFSRE,fold:1,mae:35.41,mre:10.76,medAE:22.18,medRE:4.83
time:1271.35,dataset:CFSRE,fold:2,mae:29.38,mre:7.64,medAE:26.42,medRE:6.17
time:1261.93,dataset:CFSRE,fold:3,mae:29.71,mre:7.87,medAE:21.00,medRE:5.46
time:1266.15,dataset:CFSRE,fold:4,mae:33.59,mre:10.31,medAE:29.86,medRE:6.49
time:469.35,dataset:ChemCentre,fold:0,mae:41.38,mre:12.60,medAE:36.28,medRE:10.04
time:467.50,dataset:ChemCentre,fold:1,mae:50.11,mre:13.18,medAE:41.71,medRE:6.53
time:503.43,dataset:ChemCentre,fold:2,mae:50.91,mre:14.10,medAE:44.91,medRE:9.44
time:485.09,dataset:ChemCentre,fold:3,mae:42.70,mre:9.95,medAE:44.11,medRE:8.15
time:472.15,dataset:ChemCentre,fold:4,mae:41.09,mre:12.31,medAE:35.25,medRE:9.57
time:505.51,dataset:ChemCentre,fold:0,mae:55.80,mre:13.78,medAE:52.86,medRE:11.96
time:579.21,dataset:ChemCentre,fold:1,mae:35.84,mre:9.59,medAE:33.22,medRE:5.99
time:493.09,dataset:ChemCentre,fold:2,mae:47.05,mre:13.90,medAE:37.61,medRE:9.20
time:492.27,dataset:ChemCentre,fold:3,mae:45.13,mre:11.89,medAE:40.01,medRE:11.75
time:535.18,dataset:ChemCentre,fold:4,mae:47.92,mre:14.06,medAE:45.23,medRE:10.04
time:682.06,dataset:Copenhagen,fold:0,mae:64.14,mre:24.79,medAE:59.43,medRE:17.84
time:699.16,dataset:Copenhagen,fold:1,mae:65.20,mre:21.32,medAE:58.14,medRE:19.80
time:700.68,dataset:Copenhagen,fold:2,mae:53.20,mre:17.71,medAE:38.14,medRE:11.11
time:767.70,dataset:Copenhagen,fold:3,mae:59.85,mre:20.86,medAE:38.43,medRE:13.84
time:721.20,dataset:Copenhagen,fold:4,mae:68.66,mre:22.39,medAE:58.68,medRE:13.69
time:685.83,dataset:Copenhagen,fold:0,mae:56.77,mre:20.89,medAE:40.61,medRE:11.67
time:686.36,dataset:Copenhagen,fold:1,mae:58.72,mre:20.68,medAE:44.47,medRE:15.11
time:711.16,dataset:Copenhagen,fold:2,mae:61.88,mre:18.30,medAE:44.44,medRE:11.36
time:702.32,dataset:Copenhagen,fold:3,mae:64.22,mre:25.10,medAE:47.53,medRE:16.38
time:784.26,dataset:Copenhagen,fold:4,mae:58.90,mre:19.09,medAE:44.34,medRE:13.85
time:311.27,dataset:Estonian_Forensic_Science_Institute,fold:0,mae:494.59,mre:144.07,medAE:416.51,medRE:135.53
time:314.13,dataset:Estonian_Forensic_Science_Institute,fold:1,mae:413.01,mre:143.60,medAE:412.11,medRE:138.20
time:306.42,dataset:Estonian_Forensic_Science_Institute,fold:2,mae:490.67,mre:150.93,medAE:419.14,medRE:129.84
time:303.08,dataset:Estonian_Forensic_Science_Institute,fold:3,mae:500.67,mre:143.94,medAE:429.25,medRE:128.95
time:307.04,dataset:Estonian_Forensic_Science_Institute,fold:4,mae:476.55,mre:143.06,medAE:452.16,medRE:134.25
time:311.60,dataset:Estonian_Forensic_Science_Institute,fold:0,mae:489.12,mre:133.49,medAE:417.90,medRE:142.46
time:310.62,dataset:Estonian_Forensic_Science_Institute,fold:1,mae:524.44,mre:160.77,medAE:458.00,medRE:155.98
time:305.94,dataset:Estonian_Forensic_Science_Institute,fold:2,mae:503.07,mre:153.22,medAE:425.54,medRE:136.12
time:305.11,dataset:Estonian_Forensic_Science_Institute,fold:3,mae:415.57,mre:138.41,medAE:398.92,medRE:123.60
time:302.48,dataset:Estonian_Forensic_Science_Institute,fold:4,mae:435.72,mre:139.24,medAE:443.84,medRE:129.22
time:488.65,dataset:Finnish_Customs_Laboratory,fold:0,mae:25.43,mre:9.97,medAE:18.51,medRE:6.47
time:437.50,dataset:Finnish_Customs_Laboratory,fold:1,mae:32.66,mre:12.97,medAE:20.87,medRE:8.02
time:438.74,dataset:Finnish_Customs_Laboratory,fold:2,mae:40.66,mre:10.79,medAE:35.67,medRE:9.99
time:489.11,dataset:Finnish_Customs_Laboratory,fold:3,mae:34.24,mre:11.89,medAE:31.76,medRE:8.99
time:460.33,dataset:Finnish_Customs_Laboratory,fold:4,mae:29.85,mre:8.85,medAE:22.53,medRE:5.98
time:485.39,dataset:Finnish_Customs_Laboratory,fold:0,mae:36.36,mre:11.01,medAE:33.52,medRE:8.84
time:455.51,dataset:Finnish_Customs_Laboratory,fold:1,mae:26.42,mre:7.50,medAE:20.80,medRE:5.83
time:536.89,dataset:Finnish_Customs_Laboratory,fold:2,mae:31.79,mre:11.39,medAE:25.30,medRE:12.35
time:468.86,dataset:Finnish_Customs_Laboratory,fold:3,mae:43.62,mre:14.81,medAE:32.64,medRE:9.55
time:439.17,dataset:Finnish_Customs_Laboratory,fold:4,mae:22.19,mre:8.68,medAE:18.65,medRE:5.66
time:299.82,dataset:Ghent_University,fold:0,mae:457.51,mre:142.06,medAE:460.45,medRE:136.58
time:299.03,dataset:Ghent_University,fold:1,mae:449.82,mre:205.70,medAE:416.87,medRE:130.08
time:298.79,dataset:Ghent_University,fold:2,mae:416.79,mre:147.01,medAE:383.33,medRE:129.59
time:288.87,dataset:Ghent_University,fold:3,mae:435.08,mre:153.37,medAE:414.24,medRE:138.99
time:286.88,dataset:Ghent_University,fold:4,mae:455.02,mre:162.74,medAE:404.19,medRE:165.86
time:296.17,dataset:Ghent_University,fold:0,mae:447.34,mre:150.35,medAE:411.88,medRE:134.64
time:297.45,dataset:Ghent_University,fold:1,mae:449.34,mre:155.55,medAE:436.68,medRE:136.61
time:296.46,dataset:Ghent_University,fold:2,mae:482.29,mre:209.47,medAE:431.06,medRE:172.73
time:287.21,dataset:Ghent_University,fold:3,mae:427.31,mre:150.77,medAE:411.74,medRE:129.58
time:288.27,dataset:Ghent_University,fold:4,mae:403.38,mre:143.04,medAE:383.76,medRE:136.58
time:319.01,dataset:IUPA_UJI_I_E,fold:0,mae:401.37,mre:108.62,medAE:388.35,medRE:75.72
time:314.02,dataset:IUPA_UJI_I_E,fold:1,mae:430.56,mre:139.52,medAE:419.96,medRE:81.13
time:312.83,dataset:IUPA_UJI_I_E,fold:2,mae:419.61,mre:123.79,medAE:399.96,medRE:130.31
time:313.97,dataset:IUPA_UJI_I_E,fold:3,mae:416.55,mre:102.27,medAE:362.54,medRE:72.88
time:310.01,dataset:IUPA_UJI_I_E,fold:4,mae:412.16,mre:170.30,medAE:387.90,medRE:128.56
time:319.76,dataset:IUPA_UJI_I_E,fold:0,mae:426.49,mre:97.94,medAE:374.35,medRE:83.65
time:320.58,dataset:IUPA_UJI_I_E,fold:1,mae:379.71,mre:168.10,medAE:388.35,medRE:141.39
time:311.75,dataset:IUPA_UJI_I_E,fold:2,mae:443.47,mre:129.72,medAE:387.90,medRE:104.25
time:318.79,dataset:IUPA_UJI_I_E,fold:3,mae:420.72,mre:134.12,medAE:404.81,medRE:108.84
time:318.57,dataset:IUPA_UJI_I_E,fold:4,mae:411.58,mre:113.44,medAE:382.15,medRE:83.14
time:480.86,dataset:Kings_College_Hospital,fold:0,mae:18.48,mre:4.87,medAE:13.61,medRE:3.75
time:426.62,dataset:Kings_College_Hospital,fold:1,mae:32.46,mre:10.40,medAE:21.34,medRE:5.37
time:446.34,dataset:Kings_College_Hospital,fold:2,mae:25.82,mre:6.74,medAE:21.38,medRE:4.61
time:456.48,dataset:Kings_College_Hospital,fold:3,mae:20.33,mre:5.28,medAE:18.47,medRE:3.78
time:437.64,dataset:Kings_College_Hospital,fold:4,mae:43.62,mre:15.09,medAE:32.09,medRE:8.96
time:436.58,dataset:Kings_College_Hospital,fold:0,mae:34.49,mre:8.99,medAE:28.83,medRE:7.29
time:434.62,dataset:Kings_College_Hospital,fold:1,mae:22.22,mre:6.27,medAE:20.10,medRE:4.47
time:442.80,dataset:Kings_College_Hospital,fold:2,mae:26.09,mre:8.65,medAE:17.92,medRE:3.78
time:421.22,dataset:Kings_College_Hospital,fold:3,mae:29.20,mre:9.01,medAE:19.82,medRE:4.08
time:481.57,dataset:Kings_College_Hospital,fold:4,mae:29.19,mre:9.70,medAE:26.47,medRE:7.09
time:284.25,dataset:Labor_Krone,fold:0,mae:417.94,mre:62.37,medAE:403.46,medRE:63.81
time:282.94,dataset:Labor_Krone,fold:1,mae:458.36,mre:86.18,medAE:408.30,medRE:66.28
time:289.05,dataset:Labor_Krone,fold:2,mae:403.06,mre:59.75,medAE:327.69,medRE:48.03
time:283.60,dataset:Labor_Krone,fold:3,mae:405.17,mre:68.72,medAE:373.87,medRE:53.86
time:284.25,dataset:Labor_Krone,fold:4,mae:517.15,mre:84.41,medAE:487.59,medRE:68.35
time:285.67,dataset:Labor_Krone,fold:0,mae:494.94,mre:70.39,medAE:431.30,medRE:63.61
time:289.13,dataset:Labor_Krone,fold:1,mae:352.65,mre:70.65,medAE:364.05,medRE:55.65
time:285.35,dataset:Labor_Krone,fold:2,mae:477.17,mre:68.20,medAE:359.85,medRE:63.81
time:286.87,dataset:Labor_Krone,fold:3,mae:405.35,mre:74.07,medAE:381.78,medRE:54.66
time:291.34,dataset:Labor_Krone,fold:4,mae:471.58,mre:78.12,medAE:440.32,medRE:73.17
time:315.30,dataset:LADR,fold:0,mae:521.02,mre:150.15,medAE:423.21,medRE:126.05
time:318.12,dataset:LADR,fold:1,mae:424.82,mre:172.99,medAE:414.19,medRE:117.45
time:318.92,dataset:LADR,fold:2,mae:453.35,mre:152.00,medAE:401.09,medRE:129.81
time:329.27,dataset:LADR,fold:3,mae:548.90,mre:142.08,medAE:448.05,medRE:134.64
time:316.43,dataset:LADR,fold:4,mae:460.39,mre:144.08,medAE:396.39,medRE:137.39
time:326.61,dataset:LADR,fold:0,mae:494.75,mre:164.18,medAE:402.60,medRE:140.13
time:324.78,dataset:LADR,fold:1,mae:427.87,mre:161.23,medAE:407.10,medRE:123.36
time:328.11,dataset:LADR,fold:2,mae:526.78,mre:143.00,medAE:431.17,medRE:122.52
time:330.90,dataset:LADR,fold:3,mae:428.37,mre:137.66,medAE:403.89,medRE:128.04
time:325.48,dataset:LADR,fold:4,mae:536.11,mre:156.08,medAE:472.21,medRE:135.00
time:1132.94,dataset:Mainz,fold:0,mae:67.14,mre:9.94,medAE:49.82,medRE:6.62
time:1141.61,dataset:Mainz,fold:1,mae:72.44,mre:11.31,medAE:48.66,medRE:6.74
time:1157.29,dataset:Mainz,fold:2,mae:69.14,mre:13.01,medAE:48.31,medRE:6.99
time:1232.38,dataset:Mainz,fold:3,mae:76.42,mre:11.08,medAE:61.43,medRE:6.82
time:1146.58,dataset:Mainz,fold:4,mae:68.05,mre:9.83,medAE:47.19,medRE:5.53
time:1093.73,dataset:Mainz,fold:0,mae:60.70,mre:8.09,medAE:38.63,medRE:4.65
time:1172.71,dataset:Mainz,fold:1,mae:74.36,mre:11.37,medAE:49.14,medRE:5.92
time:1069.11,dataset:Mainz,fold:2,mae:67.13,mre:9.80,medAE:53.12,medRE:5.76
time:1197.42,dataset:Mainz,fold:3,mae:83.77,mre:14.42,medAE:66.95,medRE:7.27
time:1158.52,dataset:Mainz,fold:4,mae:66.69,mre:11.53,medAE:50.94,medRE:6.74
time:290.30,dataset:Odense,fold:0,mae:326.34,mre:90.84,medAE:313.31,medRE:100.56
time:286.93,dataset:Odense,fold:1,mae:375.60,mre:89.71,medAE:339.24,medRE:87.82
time:290.35,dataset:Odense,fold:2,mae:303.50,mre:80.60,medAE:315.44,medRE:83.61
time:275.51,dataset:Odense,fold:3,mae:343.47,mre:117.40,medAE:345.39,medRE:100.93
time:279.30,dataset:Odense,fold:4,mae:298.72,mre:76.37,medAE:323.47,medRE:70.00
time:286.04,dataset:Odense,fold:0,mae:324.01,mre:90.76,medAE:326.85,medRE:85.05
time:290.69,dataset:Odense,fold:1,mae:306.58,mre:93.36,medAE:322.03,medRE:87.99
time:294.93,dataset:Odense,fold:2,mae:358.02,mre:83.48,medAE:323.47,medRE:84.69
time:289.14,dataset:Odense,fold:3,mae:325.30,mre:85.63,medAE:319.71,medRE:70.45
time:287.01,dataset:Odense,fold:4,mae:335.82,mre:100.91,medAE:349.94,medRE:100.56
time:1264.02,dataset:San_Francisco_OCME,fold:0,mae:37.16,mre:10.76,medAE:21.59,medRE:6.80
time:1095.95,dataset:San_Francisco_OCME,fold:1,mae:39.82,mre:13.78,medAE:30.87,medRE:7.51
time:1169.74,dataset:San_Francisco_OCME,fold:2,mae:40.17,mre:12.15,medAE:28.37,medRE:9.02
time:1217.43,dataset:San_Francisco_OCME,fold:3,mae:42.08,mre:14.42,medAE:33.80,medRE:9.99
time:1105.68,dataset:San_Francisco_OCME,fold:4,mae:39.76,mre:12.80,medAE:33.34,medRE:8.77
time:1121.67,dataset:San_Francisco_OCME,fold:0,mae:47.23,mre:14.47,medAE:36.67,medRE:9.25
time:1178.98,dataset:San_Francisco_OCME,fold:1,mae:42.30,mre:13.88,medAE:35.05,medRE:8.29
time:1163.74,dataset:San_Francisco_OCME,fold:2,mae:38.34,mre:12.59,medAE:26.99,medRE:8.91
time:1098.80,dataset:San_Francisco_OCME,fold:3,mae:37.92,mre:13.68,medAE:30.45,medRE:8.04
time:1128.78,dataset:San_Francisco_OCME,fold:4,mae:38.47,mre:11.10,medAE:29.70,medRE:8.60
time:296.09,dataset:The_University_of_Queensland,fold:0,mae:134.93,mre:20.68,medAE:138.13,medRE:15.83
time:289.67,dataset:The_University_of_Queensland,fold:1,mae:125.85,mre:25.00,medAE:87.09,medRE:13.03
time:286.12,dataset:The_University_of_Queensland,fold:2,mae:188.55,mre:48.56,medAE:166.41,medRE:35.38
time:281.27,dataset:The_University_of_Queensland,fold:3,mae:145.41,mre:35.14,medAE:125.08,medRE:24.35
time:309.09,dataset:The_University_of_Queensland,fold:4,mae:240.03,mre:42.49,medAE:203.16,medRE:39.36
time:294.35,dataset:The_University_of_Queensland,fold:0,mae:188.92,mre:43.01,medAE:197.21,medRE:40.98
time:288.46,dataset:The_University_of_Queensland,fold:1,mae:157.84,mre:23.75,medAE:111.24,medRE:15.41
time:282.26,dataset:The_University_of_Queensland,fold:2,mae:154.28,mre:34.43,medAE:162.12,medRE:19.51
time:286.70,dataset:The_University_of_Queensland,fold:3,mae:171.18,mre:30.01,medAE:155.65,medRE:31.56
time:278.62,dataset:The_University_of_Queensland,fold:4,mae:155.78,mre:37.86,medAE:172.35,medRE:35.01
time:294.50,dataset:Trondheim,fold:0,mae:291.53,mre:65.65,medAE:312.73,medRE:51.80
time:279.34,dataset:Trondheim,fold:1,mae:334.03,mre:75.44,medAE:328.76,medRE:70.71
time:284.76,dataset:Trondheim,fold:2,mae:332.92,mre:57.57,medAE:333.85,medRE:60.47
time:280.64,dataset:Trondheim,fold:3,mae:330.43,mre:66.00,medAE:361.78,medRE:72.37
time:283.58,dataset:Trondheim,fold:4,mae:338.69,mre:58.46,medAE:323.88,medRE:58.63
time:293.55,dataset:Trondheim,fold:0,mae:366.33,mre:70.24,medAE:336.32,medRE:59.24
time:282.16,dataset:Trondheim,fold:1,mae:324.19,mre:66.61,medAE:323.88,medRE:58.38
time:282.33,dataset:Trondheim,fold:2,mae:325.03,mre:69.21,medAE:325.14,medRE:70.71
time:291.17,dataset:Trondheim,fold:3,mae:307.24,mre:61.74,medAE:316.51,medRE:60.82
time:283.97,dataset:Trondheim,fold:4,mae:295.47,mre:54.74,medAE:263.33,medRE:56.18
time:287.88,dataset:University_Hospital_of_Northern_Norway,fold:0,mae:452.10,mre:151.59,medAE:392.35,medRE:73.37
time:291.82,dataset:University_Hospital_of_Northern_Norway,fold:1,mae:459.32,mre:181.25,medAE:423.37,medRE:107.28
time:286.42,dataset:University_Hospital_of_Northern_Norway,fold:2,mae:492.12,mre:211.76,medAE:465.88,medRE:137.50
time:283.32,dataset:University_Hospital_of_Northern_Norway,fold:3,mae:389.12,mre:98.52,medAE:350.75,medRE:61.82
time:289.22,dataset:University_Hospital_of_Northern_Norway,fold:4,mae:409.31,mre:131.75,medAE:406.38,medRE:75.28
time:299.67,dataset:University_Hospital_of_Northern_Norway,fold:0,mae:449.88,mre:188.71,medAE:429.99,medRE:194.63
time:301.09,dataset:University_Hospital_of_Northern_Norway,fold:1,mae:392.41,mre:170.55,medAE:392.05,medRE:124.22
time:288.50,dataset:University_Hospital_of_Northern_Norway,fold:2,mae:490.53,mre:117.96,medAE:392.35,medRE:100.50
time:288.89,dataset:University_Hospital_of_Northern_Norway,fold:3,mae:426.39,mre:185.67,medAE:372.53,medRE:98.36
time:287.77,dataset:University_Hospital_of_Northern_Norway,fold:4,mae:451.40,mre:108.69,medAE:427.32,medRE:61.82
time:626.74,dataset:University_of_Athens,fold:0,mae:44.84,mre:13.78,medAE:35.83,medRE:6.66
time:683.22,dataset:University_of_Athens,fold:1,mae:52.79,mre:11.08,medAE:29.61,medRE:7.44
time:630.03,dataset:University_of_Athens,fold:2,mae:38.47,mre:8.81,medAE:25.26,medRE:6.20
time:660.19,dataset:University_of_Athens,fold:3,mae:47.74,mre:9.95,medAE:34.80,medRE:5.76
time:653.75,dataset:University_of_Athens,fold:4,mae:38.56,mre:7.97,medAE:27.64,medRE:4.91
time:629.00,dataset:University_of_Athens,fold:0,mae:47.21,mre:13.45,medAE:28.87,medRE:7.27
time:626.40,dataset:University_of_Athens,fold:1,mae:48.16,mre:10.28,medAE:26.81,medRE:5.66
time:640.91,dataset:University_of_Athens,fold:2,mae:48.05,mre:10.22,medAE:42.85,medRE:8.31
time:692.12,dataset:University_of_Athens,fold:3,mae:46.90,mre:9.09,medAE:27.43,medRE:5.74
time:630.99,dataset:University_of_Athens,fold:4,mae:37.34,mre:8.53,medAE:23.86,medRE:4.52
time:581.91,dataset:Victorian_Institute_of_Forensic_Medicine,fold:0,mae:31.81,mre:30.82,medAE:17.03,medRE:5.62
time:736.17,dataset:Victorian_Institute_of_Forensic_Medicine,fold:1,mae:18.85,mre:11.27,medAE:14.32,medRE:6.55
time:680.01,dataset:Victorian_Institute_of_Forensic_Medicine,fold:2,mae:33.08,mre:24.04,medAE:34.49,medRE:13.58
time:587.59,dataset:Victorian_Institute_of_Forensic_Medicine,fold:3,mae:25.55,mre:21.80,medAE:16.60,medRE:6.25
time:602.79,dataset:Victorian_Institute_of_Forensic_Medicine,fold:4,mae:17.13,mre:9.73,medAE:12.96,medRE:4.78
time:642.89,dataset:Victorian_Institute_of_Forensic_Medicine,fold:0,mae:32.01,mre:28.95,medAE:21.38,medRE:9.13
time:717.38,dataset:Victorian_Institute_of_Forensic_Medicine,fold:1,mae:24.23,mre:15.05,medAE:17.56,medRE:8.18
time:617.14,dataset:Victorian_Institute_of_Forensic_Medicine,fold:2,mae:23.65,mre:21.55,medAE:19.31,medRE:9.23
time:558.10,dataset:Victorian_Institute_of_Forensic_Medicine,fold:3,mae:26.36,mre:12.57,medAE:14.35,medRE:5.99
time:597.65,dataset:Victorian_Institute_of_Forensic_Medicine,fold:4,mae:20.43,mre:18.83,medAE:12.06,medRE:6.18
time:287.10,dataset:Zurich_Institute_of_Forensic_Medicine,fold:0,mae:433.20,mre:89.38,medAE:366.02,medRE:90.55
time:286.45,dataset:Zurich_Institute_of_Forensic_Medicine,fold:1,mae:406.43,mre:73.02,medAE:366.26,medRE:72.50
time:286.67,dataset:Zurich_Institute_of_Forensic_Medicine,fold:2,mae:426.32,mre:77.47,medAE:384.15,medRE:82.25
time:280.28,dataset:Zurich_Institute_of_Forensic_Medicine,fold:3,mae:438.36,mre:106.93,medAE:382.39,medRE:96.74
time:276.17,dataset:Zurich_Institute_of_Forensic_Medicine,fold:4,mae:407.52,mre:92.83,medAE:379.15,medRE:82.43
time:289.93,dataset:Zurich_Institute_of_Forensic_Medicine,fold:0,mae:373.38,mre:84.72,medAE:346.47,medRE:68.81
time:288.51,dataset:Zurich_Institute_of_Forensic_Medicine,fold:1,mae:445.16,mre:74.05,medAE:379.15,medRE:64.79
time:291.27,dataset:Zurich_Institute_of_Forensic_Medicine,fold:2,mae:429.31,mre:89.44,medAE:409.99,medRE:82.29
time:282.51,dataset:Zurich_Institute_of_Forensic_Medicine,fold:3,mae:423.29,mre:87.72,medAE:399.54,medRE:90.35
time:280.92,dataset:Zurich_Institute_of_Forensic_Medicine,fold:4,mae:442.70,mre:102.79,medAE:380.63,medRE:91.05
